<?xml version="1.0" encoding="UTF-8"?>
<!-- Generated by org.testng.reporters.JUnitXMLReporter -->
<testsuite hostname="sudhakarwin" ignored="0" name="Default test" tests="2" failures="0" timestamp="25 Aug 2019 10:18:59 GMT" time="20.822" errors="0">
  <testcase name="runScenario" time="10.926" classname="io.cucumber.testng.AbstractTestNGCucumberTests"/>
  <testcase name="runScenario" time="9.59" classname="io.cucumber.testng.AbstractTestNGCucumberTests"/>
</testsuite> <!-- Default test -->
