<?xml version="1.0" encoding="UTF-8"?>
<testng-results skipped="0" failed="0" ignored="0" total="2" passed="2">
  <reporter-output>
  </reporter-output>
  <suite name="Default suite" duration-ms="20822" started-at="2019-08-25T10:18:38Z" finished-at="2019-08-25T10:18:59Z">
    <groups>
      <group name="cucumber">
        <method signature="AbstractTestNGCucumberTests.runScenario(io.cucumber.testng.PickleEventWrapper, io.cucumber.testng.CucumberFeatureWrapper)[pri:0, instance:com.cuc.steps.OhrmRunner@2f686d1f]" name="runScenario" class="io.cucumber.testng.AbstractTestNGCucumberTests"/>
      </group> <!-- cucumber -->
    </groups>
    <test name="Default test" duration-ms="20822" started-at="2019-08-25T10:18:38Z" finished-at="2019-08-25T10:18:59Z">
      <class name="com.cuc.steps.OhrmRunner">
        <test-method status="PASS" signature="setUpClass()[pri:0, instance:com.cuc.steps.OhrmRunner@2f686d1f]" name="setUpClass" is-config="true" duration-ms="98" started-at="2019-08-25T10:18:38Z" finished-at="2019-08-25T10:18:39Z">
          <reporter-output>
          </reporter-output>
        </test-method> <!-- setUpClass -->
        <test-method status="PASS" signature="runScenario(io.cucumber.testng.PickleEventWrapper, io.cucumber.testng.CucumberFeatureWrapper)[pri:0, instance:com.cuc.steps.OhrmRunner@2f686d1f]" name="runScenario" duration-ms="10926" started-at="2019-08-25T10:18:39Z" description="Runs Cucumber Scenarios" data-provider="scenarios" finished-at="2019-08-25T10:18:50Z">
          <params>
            <param index="0">
              <value>
                <![CDATA["Add Employee"]]>
              </value>
            </param>
            <param index="1">
              <value>
                <![CDATA["verify Add Employee feature of OrangeHRM"]]>
              </value>
            </param>
          </params>
          <reporter-output>
          </reporter-output>
        </test-method> <!-- runScenario -->
        <test-method status="PASS" signature="runScenario(io.cucumber.testng.PickleEventWrapper, io.cucumber.testng.CucumberFeatureWrapper)[pri:0, instance:com.cuc.steps.OhrmRunner@2f686d1f]" name="runScenario" duration-ms="9590" started-at="2019-08-25T10:18:50Z" description="Runs Cucumber Scenarios" data-provider="scenarios" finished-at="2019-08-25T10:18:59Z">
          <params>
            <param index="0">
              <value>
                <![CDATA["Add Employee"]]>
              </value>
            </param>
            <param index="1">
              <value>
                <![CDATA["verify Add Employee feature of OrangeHRM"]]>
              </value>
            </param>
          </params>
          <reporter-output>
          </reporter-output>
        </test-method> <!-- runScenario -->
        <test-method status="PASS" signature="tearDownClass()[pri:0, instance:com.cuc.steps.OhrmRunner@2f686d1f]" name="tearDownClass" is-config="true" duration-ms="1" started-at="2019-08-25T10:18:59Z" finished-at="2019-08-25T10:18:59Z">
          <reporter-output>
          </reporter-output>
        </test-method> <!-- tearDownClass -->
      </class> <!-- com.cuc.steps.OhrmRunner -->
    </test> <!-- Default test -->
  </suite> <!-- Default suite -->
</testng-results>
